# JRE version: Java(TM) SE Runtime Environment (8.0_121-b13) (build 1.8.0_121-b13)
# Java VM: Java HotSpot(TM) 64-Bit Server VM (25.121-b13 mixed mode windows-amd64 compressed oops)
Heap:
 PSYoungGen      total 113664K, used 8505K [0x00000000d6380000, 0x00000000e0500000, 0x0000000100000000)
  eden space 103936K, 6% used [0x00000000d6380000,0x00000000d6a23f00,0x00000000dc900000)
  from space 9728K, 17% used [0x00000000dd600000,0x00000000dd7aa5a8,0x00000000ddf80000)
  to   space 13312K, 0% used [0x00000000dc900000,0x00000000dc900000,0x00000000dd600000)
 ParOldGen       total 77824K, used 22529K [0x0000000082a00000, 0x0000000087600000, 0x00000000d6380000)
  object space 77824K, 28% used [0x0000000082a00000,0x0000000084000638,0x0000000087600000)
 Metaspace       used 9729K, capacity 9908K, committed 10240K, reserved 1058816K
  class space    used 1109K, capacity 1188K, committed 1280K, reserved 1048576K
GC Heap History (10 events):
Event: 4.926 GC heap before
{Heap before GC invocations=9 (full 0):
 PSYoungGen      total 70656K, used 68929K [0x00000000d6380000, 0x00000000dad80000, 0x0000000100000000)
  eden space 65536K, 97% used [0x00000000d6380000,0x00000000da217cc0,0x00000000da380000)
  from space 5120K, 94% used [0x00000000da880000,0x00000000dad388b0,0x00000000dad80000)
  to   space 5120K, 0% used [0x00000000da380000,0x00000000da380000,0x00000000da880000)
 ParOldGen       total 86016K, used 64260K [0x0000000082a00000, 0x0000000087e00000, 0x00000000d6380000)
  object space 86016K, 74% used [0x0000000082a00000,0x00000000868c1230,0x0000000087e00000)
 Metaspace       used 9495K, capacity 9648K, committed 9984K, reserved 1058816K
  class space    used 1102K, capacity 1188K, committed 1280K, reserved 1048576K
Event: 4.933 GC heap after
Heap after GC invocations=9 (full 0):
 PSYoungGen      total 70656K, used 4402K [0x00000000d6380000, 0x00000000de200000, 0x0000000100000000)
  eden space 65536K, 0% used [0x00000000d6380000,0x00000000d6380000,0x00000000da380000)
  from space 5120K, 85% used [0x00000000da380000,0x00000000da7cc8e8,0x00000000da880000)
  to   space 12288K, 0% used [0x00000000dd600000,0x00000000dd600000,0x00000000de200000)
 ParOldGen       total 86016K, used 70913K [0x0000000082a00000, 0x0000000087e00000, 0x00000000d6380000)
  object space 86016K, 82% used [0x0000000082a00000,0x0000000086f404e0,0x0000000087e00000)
 Metaspace       used 9495K, capacity 9648K, committed 9984K, reserved 1058816K
  class space    used 1102K, capacity 1188K, committed 1280K, reserved 1048576K
}
Event: 4.933 GC heap before
{Heap before GC invocations=10 (full 1):
 PSYoungGen      total 70656K, used 4402K [0x00000000d6380000, 0x00000000de200000, 0x0000000100000000)
  eden space 65536K, 0% used [0x00000000d6380000,0x00000000d6380000,0x00000000da380000)
  from space 5120K, 85% used [0x00000000da380000,0x00000000da7cc8e8,0x00000000da880000)
  to   space 12288K, 0% used [0x00000000dd600000,0x00000000dd600000,0x00000000de200000)
 ParOldGen       total 86016K, used 70913K [0x0000000082a00000, 0x0000000087e00000, 0x00000000d6380000)
  object space 86016K, 82% used [0x0000000082a00000,0x0000000086f404e0,0x0000000087e00000)
 Metaspace       used 9495K, capacity 9648K, committed 9984K, reserved 1058816K
  class space    used 1102K, capacity 1188K, committed 1280K, reserved 1048576K
Event: 4.962 GC heap after
Heap after GC invocations=10 (full 1):
 PSYoungGen      total 70656K, used 0K [0x00000000d6380000, 0x00000000de200000, 0x0000000100000000)
  eden space 65536K, 0% used [0x00000000d6380000,0x00000000d6380000,0x00000000da380000)
  from space 5120K, 0% used [0x00000000da380000,0x00000000da380000,0x00000000da880000)
  to   space 12288K, 0% used [0x00000000dd600000,0x00000000dd600000,0x00000000de200000)
 ParOldGen       total 77824K, used 21267K [0x0000000082a00000, 0x0000000087600000, 0x00000000d6380000)
  object space 77824K, 27% used [0x0000000082a00000,0x0000000083ec4d30,0x0000000087600000)
 Metaspace       used 9495K, capacity 9648K, committed 9984K, reserved 1058816K
  class space    used 1102K, capacity 1188K, committed 1280K, reserved 1048576K
}
Event: 5.367 GC heap before
{Heap before GC invocations=11 (full 1):
 PSYoungGen      total 70656K, used 65536K [0x00000000d6380000, 0x00000000de200000, 0x0000000100000000)
  eden space 65536K, 100% used [0x00000000d6380000,0x00000000da380000,0x00000000da380000)
  from space 5120K, 0% used [0x00000000da380000,0x00000000da380000,0x00000000da880000)
  to   space 12288K, 0% used [0x00000000dd600000,0x00000000dd600000,0x00000000de200000)
 ParOldGen       total 77824K, used 21267K [0x0000000082a00000, 0x0000000087600000, 0x00000000d6380000)
  object space 77824K, 27% used [0x0000000082a00000,0x0000000083ec4d30,0x0000000087600000)
 Metaspace       used 9495K, capacity 9648K, committed 9984K, reserved 1058816K
  class space    used 1102K, capacity 1188K, committed 1280K, reserved 1048576K
Event: 5.374 GC heap after
Heap after GC invocations=11 (full 1):
 PSYoungGen      total 107008K, used 9677K [0x00000000d6380000, 0x00000000ddf80000, 0x0000000100000000)
  eden space 97280K, 0% used [0x00000000d6380000,0x00000000d6380000,0x00000000dc280000)
  from space 9728K, 99% used [0x00000000dd600000,0x00000000ddf737f8,0x00000000ddf80000)
  to   space 12800K, 0% used [0x00000000dc680000,0x00000000dc680000,0x00000000dd300000)
 ParOldGen       total 77824K, used 21275K [0x0000000082a00000, 0x0000000087600000, 0x00000000d6380000)
  object space 77824K, 27% used [0x0000000082a00000,0x0000000083ec6d30,0x0000000087600000)
 Metaspace       used 9495K, capacity 9648K, committed 9984K, reserved 1058816K
  class space    used 1102K, capacity 1188K, committed 1280K, reserved 1048576K
}
Event: 5.952 GC heap before
{Heap before GC invocations=12 (full 1):
 PSYoungGen      total 107008K, used 106712K [0x00000000d6380000, 0x00000000ddf80000, 0x0000000100000000)
  eden space 97280K, 99% used [0x00000000d6380000,0x00000000dc242be0,0x00000000dc280000)
  from space 9728K, 99% used [0x00000000dd600000,0x00000000ddf737f8,0x00000000ddf80000)
  to   space 12800K, 0% used [0x00000000dc680000,0x00000000dc680000,0x00000000dd300000)
 ParOldGen       total 77824K, used 21275K [0x0000000082a00000, 0x0000000087600000, 0x00000000d6380000)
  object space 77824K, 27% used [0x0000000082a00000,0x0000000083ec6d30,0x0000000087600000)
 Metaspace       used 9527K, capacity 9712K, committed 9984K, reserved 1058816K
  class space    used 1102K, capacity 1188K, committed 1280K, reserved 1048576K
Event: 5.954 GC heap after
Heap after GC invocations=12 (full 1):
 PSYoungGen      total 110080K, used 974K [0x00000000d6380000, 0x00000000ddf80000, 0x0000000100000000)
  eden space 97280K, 0% used [0x00000000d6380000,0x00000000d6380000,0x00000000dc280000)
  from space 12800K, 7% used [0x00000000dc680000,0x00000000dc773850,0x00000000dd300000)
  to   space 9728K, 0% used [0x00000000dd600000,0x00000000dd600000,0x00000000ddf80000)
 ParOldGen       total 77824K, used 21763K [0x0000000082a00000, 0x0000000087600000, 0x00000000d6380000)
  object space 77824K, 27% used [0x0000000082a00000,0x0000000083f40cf8,0x0000000087600000)
 Metaspace       used 9527K, capacity 9712K, committed 9984K, reserved 1058816K
  class space    used 1102K, capacity 1188K, committed 1280K, reserved 1048576K
}
Event: 6.572 GC heap before
{Heap before GC invocations=13 (full 1):
 PSYoungGen      total 110080K, used 94000K [0x00000000d6380000, 0x00000000ddf80000, 0x0000000100000000)
  eden space 97280K, 95% used [0x00000000d6380000,0x00000000dbe58860,0x00000000dc280000)
  from space 12800K, 7% used [0x00000000dc680000,0x00000000dc773850,0x00000000dd300000)
  to   space 9728K, 0% used [0x00000000dd600000,0x00000000dd600000,0x00000000ddf80000)
 ParOldGen       total 77824K, used 21763K [0x0000000082a00000, 0x0000000087600000, 0x00000000d6380000)
  object space 77824K, 27% used [0x0000000082a00000,0x0000000083f40cf8,0x0000000087600000)
 Metaspace       used 9607K, capacity 9780K, committed 9984K, reserved 1058816K
  class space    used 1109K, capacity 1188K, committed 1280K, reserved 1048576K
Event: 6.574 GC heap after
Heap after GC invocations=13 (full 1):
 PSYoungGen      total 113664K, used 1705K [0x00000000d6380000, 0x00000000e0500000, 0x0000000100000000)
  eden space 103936K, 0% used [0x00000000d6380000,0x00000000d6380000,0x00000000dc900000)
  from space 9728K, 17% used [0x00000000dd600000,0x00000000dd7aa5a8,0x00000000ddf80000)
  to   space 13312K, 0% used [0x00000000dc900000,0x00000000dc900000,0x00000000dd600000)
 ParOldGen       total 77824K, used 22529K [0x0000000082a00000, 0x0000000087600000, 0x00000000d6380000)
  object space 77824K, 28% used [0x0000000082a00000,0x0000000084000638,0x0000000087600000)
 Metaspace       used 9607K, capacity 9780K, committed 9984K, reserved 1058816K
  class space    used 1109K, capacity 1188K, committed 1280K, reserved 1048576K
}

